<?xml version="1.0" encoding="UTF-8"?>
<!-- Generated by org.testng.reporters.JUnitReportReporter -->
<testsuite hostname="sys" failures="0" tests="1" name="HealthCare.Register" time="26.461" errors="0" timestamp="2020-03-24T11:34:04 EDT" skipped="0">
  <testcase classname="HealthCare.Register" name="createpatient" time="26.461"/>
</testsuite> <!-- HealthCare.Register -->
