<?xml version="1.0" encoding="UTF-8"?>
<!-- Generated by org.testng.reporters.JUnitReportReporter -->
<testsuite hostname="sys" failures="0" tests="2" name="Test.google" time="25.896" errors="0" timestamp="2020-04-01T01:11:47 EDT" skipped="0">
  <testcase classname="Test.google" name="search_for_google" time="11.752"/>
  <testcase classname="Test.google" name="search_for_selenium" time="14.144"/>
</testsuite> <!-- Test.google -->
